Start testing: Jun 26 17:25 KST
----------------------------------------------------------
1/1 Testing: uds_encode_decode_20_tests
1/1 Test: uds_encode_decode_20_tests
Command: "/home/worker/AutoDiag/CurrentCode/AutoDiag/hal/build_asan/test_uds_codec"
Directory: /home/worker/AutoDiag/CurrentCode/AutoDiag/hal/build_asan
"uds_encode_decode_20_tests" start time: Jun 26 17:25 KST
Output:
----------------------------------------------------------
All encode/decode tests passed. tests=40
<end of output>
Test time =   0.01 sec
----------------------------------------------------------
Test Passed.
"uds_encode_decode_20_tests" end time: Jun 26 17:25 KST
"uds_encode_decode_20_tests" time elapsed: 00:00:00
----------------------------------------------------------

End testing: Jun 26 17:25 KST
